find_executable: checking for pg_config... -------------------- yes

--------------------

"/usr/local/bin/gcc-4.2 -o conftest -I/Users/adayag/.rbenv/versions/1.9.3-p0/include/ruby-1.9.1/x86_64-darwin12.2.1 -I/Users/adayag/.rbenv/versions/1.9.3-p0/include/ruby-1.9.1/ruby/backward -I/Users/adayag/.rbenv/versions/1.9.3-p0/include/ruby-1.9.1 -I. -I/usr/local/Cellar/postgresql/9.2.4/include -I'/Users/adayag/.rbenv/versions/1.9.3-p0/include'  -D_XOPEN_SOURCE -D_DARWIN_C_SOURCE  -I'/Users/adayag/.rbenv/versions/1.9.3-p0/include'   -O3 -Wno-error=shorten-64-to-32  -pipe conftest.c  -L. -L/Users/adayag/.rbenv/versions/1.9.3-p0/lib -L/usr/local/Cellar/postgresql/9.2.4/lib -L. -L'/Users/adayag/.rbenv/versions/1.9.3-p0/lib'      -lruby-static  -lpthread -ldl -lobjc "
checked program was:
/* begin */
1: #include "ruby.h"
2: 
3: int main() {return 0;}
/* end */

"/usr/local/bin/gcc-4.2 -o conftest -I/Users/adayag/.rbenv/versions/1.9.3-p0/include/ruby-1.9.1/x86_64-darwin12.2.1 -I/Users/adayag/.rbenv/versions/1.9.3-p0/include/ruby-1.9.1/ruby/backward -I/Users/adayag/.rbenv/versions/1.9.3-p0/include/ruby-1.9.1 -I. -I/usr/local/Cellar/postgresql/9.2.4/include -I'/Users/adayag/.rbenv/versions/1.9.3-p0/include'  -D_XOPEN_SOURCE -D_DARWIN_C_SOURCE  -I'/Users/adayag/.rbenv/versions/1.9.3-p0/include'   -O3 -Wno-error=shorten-64-to-32  -pipe conftest.c  -L. -L/Users/adayag/.rbenv/versions/1.9.3-p0/lib -L/usr/local/Cellar/postgresql/9.2.4/lib -L. -L'/Users/adayag/.rbenv/versions/1.9.3-p0/lib'      -lruby-static  -Wl,-rpath,/usr/local/Cellar/postgresql/9.2.4/lib -lpthread -ldl -lobjc "
checked program was:
/* begin */
1: #include "ruby.h"
2: 
3: int main() {return 0;}
/* end */

find_header: checking for libpq-fe.h... -------------------- yes

"/usr/local/bin/gcc-4.2 -E -I/Users/adayag/.rbenv/versions/1.9.3-p0/include/ruby-1.9.1/x86_64-darwin12.2.1 -I/Users/adayag/.rbenv/versions/1.9.3-p0/include/ruby-1.9.1/ruby/backward -I/Users/adayag/.rbenv/versions/1.9.3-p0/include/ruby-1.9.1 -I. -I/usr/local/Cellar/postgresql/9.2.4/include -I'/Users/adayag/.rbenv/versions/1.9.3-p0/include'  -D_XOPEN_SOURCE -D_DARWIN_C_SOURCE  -I'/Users/adayag/.rbenv/versions/1.9.3-p0/include'   -O3 -Wno-error=shorten-64-to-32  -pipe  conftest.c -o conftest.i"
checked program was:
/* begin */
1: #include "ruby.h"
2: 
3: #include <libpq-fe.h>
/* end */

--------------------

find_header: checking for libpq/libpq-fs.h... -------------------- yes

"/usr/local/bin/gcc-4.2 -E -I/Users/adayag/.rbenv/versions/1.9.3-p0/include/ruby-1.9.1/x86_64-darwin12.2.1 -I/Users/adayag/.rbenv/versions/1.9.3-p0/include/ruby-1.9.1/ruby/backward -I/Users/adayag/.rbenv/versions/1.9.3-p0/include/ruby-1.9.1 -I. -I/usr/local/Cellar/postgresql/9.2.4/include -I'/Users/adayag/.rbenv/versions/1.9.3-p0/include'  -D_XOPEN_SOURCE -D_DARWIN_C_SOURCE  -I'/Users/adayag/.rbenv/versions/1.9.3-p0/include'   -O3 -Wno-error=shorten-64-to-32  -pipe  conftest.c -o conftest.i"
checked program was:
/* begin */
1: #include "ruby.h"
2: 
3: #include <libpq/libpq-fs.h>
/* end */

--------------------

find_header: checking for pg_config_manual.h... -------------------- yes

"/usr/local/bin/gcc-4.2 -E -I/Users/adayag/.rbenv/versions/1.9.3-p0/include/ruby-1.9.1/x86_64-darwin12.2.1 -I/Users/adayag/.rbenv/versions/1.9.3-p0/include/ruby-1.9.1/ruby/backward -I/Users/adayag/.rbenv/versions/1.9.3-p0/include/ruby-1.9.1 -I. -I/usr/local/Cellar/postgresql/9.2.4/include -I'/Users/adayag/.rbenv/versions/1.9.3-p0/include'  -D_XOPEN_SOURCE -D_DARWIN_C_SOURCE  -I'/Users/adayag/.rbenv/versions/1.9.3-p0/include'   -O3 -Wno-error=shorten-64-to-32  -pipe  conftest.c -o conftest.i"
checked program was:
/* begin */
1: #include "ruby.h"
2: 
3: #include <pg_config_manual.h>
/* end */

--------------------

have_library: checking for PQconnectdb() in -lpq... -------------------- yes

"/usr/local/bin/gcc-4.2 -o conftest -I/Users/adayag/.rbenv/versions/1.9.3-p0/include/ruby-1.9.1/x86_64-darwin12.2.1 -I/Users/adayag/.rbenv/versions/1.9.3-p0/include/ruby-1.9.1/ruby/backward -I/Users/adayag/.rbenv/versions/1.9.3-p0/include/ruby-1.9.1 -I. -I/usr/local/Cellar/postgresql/9.2.4/include -I'/Users/adayag/.rbenv/versions/1.9.3-p0/include'  -D_XOPEN_SOURCE -D_DARWIN_C_SOURCE  -I'/Users/adayag/.rbenv/versions/1.9.3-p0/include'   -O3 -Wno-error=shorten-64-to-32  -pipe conftest.c  -L. -L/Users/adayag/.rbenv/versions/1.9.3-p0/lib -L/usr/local/Cellar/postgresql/9.2.4/lib -L. -L'/Users/adayag/.rbenv/versions/1.9.3-p0/lib'  -Wl,-rpath,/usr/local/Cellar/postgresql/9.2.4/lib     -lruby-static -lpq  -lpthread -ldl -lobjc "
checked program was:
/* begin */
1: #include "ruby.h"
2: 
3: #include <libpq-fe.h>
4: 
5: /*top*/
6: int main() {return 0;}
7: int t() { void ((*volatile p)()); p = (void ((*)()))PQconnectdb; return 0; }
/* end */

--------------------

have_func: checking for PQconnectionUsedPassword()... -------------------- yes

"/usr/local/bin/gcc-4.2 -o conftest -I/Users/adayag/.rbenv/versions/1.9.3-p0/include/ruby-1.9.1/x86_64-darwin12.2.1 -I/Users/adayag/.rbenv/versions/1.9.3-p0/include/ruby-1.9.1/ruby/backward -I/Users/adayag/.rbenv/versions/1.9.3-p0/include/ruby-1.9.1 -I. -I/usr/local/Cellar/postgresql/9.2.4/include -I'/Users/adayag/.rbenv/versions/1.9.3-p0/include'  -D_XOPEN_SOURCE -D_DARWIN_C_SOURCE  -I'/Users/adayag/.rbenv/versions/1.9.3-p0/include'   -O3 -Wno-error=shorten-64-to-32  -pipe conftest.c  -L. -L/Users/adayag/.rbenv/versions/1.9.3-p0/lib -L/usr/local/Cellar/postgresql/9.2.4/lib -L. -L'/Users/adayag/.rbenv/versions/1.9.3-p0/lib'  -Wl,-rpath,/usr/local/Cellar/postgresql/9.2.4/lib    -lpq  -lruby-static -lpq  -lpthread -ldl -lobjc "
conftest.c: In function ‘t’:
conftest.c:5: error: ‘PQconnectionUsedPassword’ undeclared (first use in this function)
conftest.c:5: error: (Each undeclared identifier is reported only once
conftest.c:5: error: for each function it appears in.)
checked program was:
/* begin */
1: #include "ruby.h"
2: 
3: /*top*/
4: int main() {return 0;}
5: int t() { void ((*volatile p)()); p = (void ((*)()))PQconnectionUsedPassword; return 0; }
/* end */

"/usr/local/bin/gcc-4.2 -o conftest -I/Users/adayag/.rbenv/versions/1.9.3-p0/include/ruby-1.9.1/x86_64-darwin12.2.1 -I/Users/adayag/.rbenv/versions/1.9.3-p0/include/ruby-1.9.1/ruby/backward -I/Users/adayag/.rbenv/versions/1.9.3-p0/include/ruby-1.9.1 -I. -I/usr/local/Cellar/postgresql/9.2.4/include -I'/Users/adayag/.rbenv/versions/1.9.3-p0/include'  -D_XOPEN_SOURCE -D_DARWIN_C_SOURCE  -I'/Users/adayag/.rbenv/versions/1.9.3-p0/include'   -O3 -Wno-error=shorten-64-to-32  -pipe conftest.c  -L. -L/Users/adayag/.rbenv/versions/1.9.3-p0/lib -L/usr/local/Cellar/postgresql/9.2.4/lib -L. -L'/Users/adayag/.rbenv/versions/1.9.3-p0/lib'  -Wl,-rpath,/usr/local/Cellar/postgresql/9.2.4/lib    -lpq  -lruby-static -lpq  -lpthread -ldl -lobjc "
checked program was:
/* begin */
1: #include "ruby.h"
2: 
3: /*top*/
4: int main() {return 0;}
5: int t() { PQconnectionUsedPassword(); return 0; }
/* end */

--------------------

have_func: checking for PQisthreadsafe()... -------------------- yes

"/usr/local/bin/gcc-4.2 -o conftest -I/Users/adayag/.rbenv/versions/1.9.3-p0/include/ruby-1.9.1/x86_64-darwin12.2.1 -I/Users/adayag/.rbenv/versions/1.9.3-p0/include/ruby-1.9.1/ruby/backward -I/Users/adayag/.rbenv/versions/1.9.3-p0/include/ruby-1.9.1 -I. -I/usr/local/Cellar/postgresql/9.2.4/include -I'/Users/adayag/.rbenv/versions/1.9.3-p0/include'  -D_XOPEN_SOURCE -D_DARWIN_C_SOURCE  -I'/Users/adayag/.rbenv/versions/1.9.3-p0/include'   -O3 -Wno-error=shorten-64-to-32  -pipe conftest.c  -L. -L/Users/adayag/.rbenv/versions/1.9.3-p0/lib -L/usr/local/Cellar/postgresql/9.2.4/lib -L. -L'/Users/adayag/.rbenv/versions/1.9.3-p0/lib'  -Wl,-rpath,/usr/local/Cellar/postgresql/9.2.4/lib    -lpq  -lruby-static -lpq  -lpthread -ldl -lobjc "
conftest.c: In function ‘t’:
conftest.c:5: error: ‘PQisthreadsafe’ undeclared (first use in this function)
conftest.c:5: error: (Each undeclared identifier is reported only once
conftest.c:5: error: for each function it appears in.)
checked program was:
/* begin */
1: #include "ruby.h"
2: 
3: /*top*/
4: int main() {return 0;}
5: int t() { void ((*volatile p)()); p = (void ((*)()))PQisthreadsafe; return 0; }
/* end */

"/usr/local/bin/gcc-4.2 -o conftest -I/Users/adayag/.rbenv/versions/1.9.3-p0/include/ruby-1.9.1/x86_64-darwin12.2.1 -I/Users/adayag/.rbenv/versions/1.9.3-p0/include/ruby-1.9.1/ruby/backward -I/Users/adayag/.rbenv/versions/1.9.3-p0/include/ruby-1.9.1 -I. -I/usr/local/Cellar/postgresql/9.2.4/include -I'/Users/adayag/.rbenv/versions/1.9.3-p0/include'  -D_XOPEN_SOURCE -D_DARWIN_C_SOURCE  -I'/Users/adayag/.rbenv/versions/1.9.3-p0/include'   -O3 -Wno-error=shorten-64-to-32  -pipe conftest.c  -L. -L/Users/adayag/.rbenv/versions/1.9.3-p0/lib -L/usr/local/Cellar/postgresql/9.2.4/lib -L. -L'/Users/adayag/.rbenv/versions/1.9.3-p0/lib'  -Wl,-rpath,/usr/local/Cellar/postgresql/9.2.4/lib    -lpq  -lruby-static -lpq  -lpthread -ldl -lobjc "
checked program was:
/* begin */
1: #include "ruby.h"
2: 
3: /*top*/
4: int main() {return 0;}
5: int t() { PQisthreadsafe(); return 0; }
/* end */

--------------------

have_func: checking for PQprepare()... -------------------- yes

"/usr/local/bin/gcc-4.2 -o conftest -I/Users/adayag/.rbenv/versions/1.9.3-p0/include/ruby-1.9.1/x86_64-darwin12.2.1 -I/Users/adayag/.rbenv/versions/1.9.3-p0/include/ruby-1.9.1/ruby/backward -I/Users/adayag/.rbenv/versions/1.9.3-p0/include/ruby-1.9.1 -I. -I/usr/local/Cellar/postgresql/9.2.4/include -I'/Users/adayag/.rbenv/versions/1.9.3-p0/include'  -D_XOPEN_SOURCE -D_DARWIN_C_SOURCE  -I'/Users/adayag/.rbenv/versions/1.9.3-p0/include'   -O3 -Wno-error=shorten-64-to-32  -pipe conftest.c  -L. -L/Users/adayag/.rbenv/versions/1.9.3-p0/lib -L/usr/local/Cellar/postgresql/9.2.4/lib -L. -L'/Users/adayag/.rbenv/versions/1.9.3-p0/lib'  -Wl,-rpath,/usr/local/Cellar/postgresql/9.2.4/lib    -lpq  -lruby-static -lpq  -lpthread -ldl -lobjc "
conftest.c: In function ‘t’:
conftest.c:5: error: ‘PQprepare’ undeclared (first use in this function)
conftest.c:5: error: (Each undeclared identifier is reported only once
conftest.c:5: error: for each function it appears in.)
checked program was:
/* begin */
1: #include "ruby.h"
2: 
3: /*top*/
4: int main() {return 0;}
5: int t() { void ((*volatile p)()); p = (void ((*)()))PQprepare; return 0; }
/* end */

"/usr/local/bin/gcc-4.2 -o conftest -I/Users/adayag/.rbenv/versions/1.9.3-p0/include/ruby-1.9.1/x86_64-darwin12.2.1 -I/Users/adayag/.rbenv/versions/1.9.3-p0/include/ruby-1.9.1/ruby/backward -I/Users/adayag/.rbenv/versions/1.9.3-p0/include/ruby-1.9.1 -I. -I/usr/local/Cellar/postgresql/9.2.4/include -I'/Users/adayag/.rbenv/versions/1.9.3-p0/include'  -D_XOPEN_SOURCE -D_DARWIN_C_SOURCE  -I'/Users/adayag/.rbenv/versions/1.9.3-p0/include'   -O3 -Wno-error=shorten-64-to-32  -pipe conftest.c  -L. -L/Users/adayag/.rbenv/versions/1.9.3-p0/lib -L/usr/local/Cellar/postgresql/9.2.4/lib -L. -L'/Users/adayag/.rbenv/versions/1.9.3-p0/lib'  -Wl,-rpath,/usr/local/Cellar/postgresql/9.2.4/lib    -lpq  -lruby-static -lpq  -lpthread -ldl -lobjc "
checked program was:
/* begin */
1: #include "ruby.h"
2: 
3: /*top*/
4: int main() {return 0;}
5: int t() { PQprepare(); return 0; }
/* end */

--------------------

have_func: checking for PQexecParams()... -------------------- yes

"/usr/local/bin/gcc-4.2 -o conftest -I/Users/adayag/.rbenv/versions/1.9.3-p0/include/ruby-1.9.1/x86_64-darwin12.2.1 -I/Users/adayag/.rbenv/versions/1.9.3-p0/include/ruby-1.9.1/ruby/backward -I/Users/adayag/.rbenv/versions/1.9.3-p0/include/ruby-1.9.1 -I. -I/usr/local/Cellar/postgresql/9.2.4/include -I'/Users/adayag/.rbenv/versions/1.9.3-p0/include'  -D_XOPEN_SOURCE -D_DARWIN_C_SOURCE  -I'/Users/adayag/.rbenv/versions/1.9.3-p0/include'   -O3 -Wno-error=shorten-64-to-32  -pipe conftest.c  -L. -L/Users/adayag/.rbenv/versions/1.9.3-p0/lib -L/usr/local/Cellar/postgresql/9.2.4/lib -L. -L'/Users/adayag/.rbenv/versions/1.9.3-p0/lib'  -Wl,-rpath,/usr/local/Cellar/postgresql/9.2.4/lib    -lpq  -lruby-static -lpq  -lpthread -ldl -lobjc "
conftest.c: In function ‘t’:
conftest.c:5: error: ‘PQexecParams’ undeclared (first use in this function)
conftest.c:5: error: (Each undeclared identifier is reported only once
conftest.c:5: error: for each function it appears in.)
checked program was:
/* begin */
1: #include "ruby.h"
2: 
3: /*top*/
4: int main() {return 0;}
5: int t() { void ((*volatile p)()); p = (void ((*)()))PQexecParams; return 0; }
/* end */

"/usr/local/bin/gcc-4.2 -o conftest -I/Users/adayag/.rbenv/versions/1.9.3-p0/include/ruby-1.9.1/x86_64-darwin12.2.1 -I/Users/adayag/.rbenv/versions/1.9.3-p0/include/ruby-1.9.1/ruby/backward -I/Users/adayag/.rbenv/versions/1.9.3-p0/include/ruby-1.9.1 -I. -I/usr/local/Cellar/postgresql/9.2.4/include -I'/Users/adayag/.rbenv/versions/1.9.3-p0/include'  -D_XOPEN_SOURCE -D_DARWIN_C_SOURCE  -I'/Users/adayag/.rbenv/versions/1.9.3-p0/include'   -O3 -Wno-error=shorten-64-to-32  -pipe conftest.c  -L. -L/Users/adayag/.rbenv/versions/1.9.3-p0/lib -L/usr/local/Cellar/postgresql/9.2.4/lib -L. -L'/Users/adayag/.rbenv/versions/1.9.3-p0/lib'  -Wl,-rpath,/usr/local/Cellar/postgresql/9.2.4/lib    -lpq  -lruby-static -lpq  -lpthread -ldl -lobjc "
checked program was:
/* begin */
1: #include "ruby.h"
2: 
3: /*top*/
4: int main() {return 0;}
5: int t() { PQexecParams(); return 0; }
/* end */

--------------------

have_func: checking for PQescapeString()... -------------------- yes

"/usr/local/bin/gcc-4.2 -o conftest -I/Users/adayag/.rbenv/versions/1.9.3-p0/include/ruby-1.9.1/x86_64-darwin12.2.1 -I/Users/adayag/.rbenv/versions/1.9.3-p0/include/ruby-1.9.1/ruby/backward -I/Users/adayag/.rbenv/versions/1.9.3-p0/include/ruby-1.9.1 -I. -I/usr/local/Cellar/postgresql/9.2.4/include -I'/Users/adayag/.rbenv/versions/1.9.3-p0/include'  -D_XOPEN_SOURCE -D_DARWIN_C_SOURCE  -I'/Users/adayag/.rbenv/versions/1.9.3-p0/include'   -O3 -Wno-error=shorten-64-to-32  -pipe conftest.c  -L. -L/Users/adayag/.rbenv/versions/1.9.3-p0/lib -L/usr/local/Cellar/postgresql/9.2.4/lib -L. -L'/Users/adayag/.rbenv/versions/1.9.3-p0/lib'  -Wl,-rpath,/usr/local/Cellar/postgresql/9.2.4/lib    -lpq  -lruby-static -lpq  -lpthread -ldl -lobjc "
conftest.c: In function ‘t’:
conftest.c:5: error: ‘PQescapeString’ undeclared (first use in this function)
conftest.c:5: error: (Each undeclared identifier is reported only once
conftest.c:5: error: for each function it appears in.)
checked program was:
/* begin */
1: #include "ruby.h"
2: 
3: /*top*/
4: int main() {return 0;}
5: int t() { void ((*volatile p)()); p = (void ((*)()))PQescapeString; return 0; }
/* end */

"/usr/local/bin/gcc-4.2 -o conftest -I/Users/adayag/.rbenv/versions/1.9.3-p0/include/ruby-1.9.1/x86_64-darwin12.2.1 -I/Users/adayag/.rbenv/versions/1.9.3-p0/include/ruby-1.9.1/ruby/backward -I/Users/adayag/.rbenv/versions/1.9.3-p0/include/ruby-1.9.1 -I. -I/usr/local/Cellar/postgresql/9.2.4/include -I'/Users/adayag/.rbenv/versions/1.9.3-p0/include'  -D_XOPEN_SOURCE -D_DARWIN_C_SOURCE  -I'/Users/adayag/.rbenv/versions/1.9.3-p0/include'   -O3 -Wno-error=shorten-64-to-32  -pipe conftest.c  -L. -L/Users/adayag/.rbenv/versions/1.9.3-p0/lib -L/usr/local/Cellar/postgresql/9.2.4/lib -L. -L'/Users/adayag/.rbenv/versions/1.9.3-p0/lib'  -Wl,-rpath,/usr/local/Cellar/postgresql/9.2.4/lib    -lpq  -lruby-static -lpq  -lpthread -ldl -lobjc "
checked program was:
/* begin */
1: #include "ruby.h"
2: 
3: /*top*/
4: int main() {return 0;}
5: int t() { PQescapeString(); return 0; }
/* end */

--------------------

have_func: checking for PQescapeStringConn()... -------------------- yes

"/usr/local/bin/gcc-4.2 -o conftest -I/Users/adayag/.rbenv/versions/1.9.3-p0/include/ruby-1.9.1/x86_64-darwin12.2.1 -I/Users/adayag/.rbenv/versions/1.9.3-p0/include/ruby-1.9.1/ruby/backward -I/Users/adayag/.rbenv/versions/1.9.3-p0/include/ruby-1.9.1 -I. -I/usr/local/Cellar/postgresql/9.2.4/include -I'/Users/adayag/.rbenv/versions/1.9.3-p0/include'  -D_XOPEN_SOURCE -D_DARWIN_C_SOURCE  -I'/Users/adayag/.rbenv/versions/1.9.3-p0/include'   -O3 -Wno-error=shorten-64-to-32  -pipe conftest.c  -L. -L/Users/adayag/.rbenv/versions/1.9.3-p0/lib -L/usr/local/Cellar/postgresql/9.2.4/lib -L. -L'/Users/adayag/.rbenv/versions/1.9.3-p0/lib'  -Wl,-rpath,/usr/local/Cellar/postgresql/9.2.4/lib    -lpq  -lruby-static -lpq  -lpthread -ldl -lobjc "
conftest.c: In function ‘t’:
conftest.c:5: error: ‘PQescapeStringConn’ undeclared (first use in this function)
conftest.c:5: error: (Each undeclared identifier is reported only once
conftest.c:5: error: for each function it appears in.)
checked program was:
/* begin */
1: #include "ruby.h"
2: 
3: /*top*/
4: int main() {return 0;}
5: int t() { void ((*volatile p)()); p = (void ((*)()))PQescapeStringConn; return 0; }
/* end */

"/usr/local/bin/gcc-4.2 -o conftest -I/Users/adayag/.rbenv/versions/1.9.3-p0/include/ruby-1.9.1/x86_64-darwin12.2.1 -I/Users/adayag/.rbenv/versions/1.9.3-p0/include/ruby-1.9.1/ruby/backward -I/Users/adayag/.rbenv/versions/1.9.3-p0/include/ruby-1.9.1 -I. -I/usr/local/Cellar/postgresql/9.2.4/include -I'/Users/adayag/.rbenv/versions/1.9.3-p0/include'  -D_XOPEN_SOURCE -D_DARWIN_C_SOURCE  -I'/Users/adayag/.rbenv/versions/1.9.3-p0/include'   -O3 -Wno-error=shorten-64-to-32  -pipe conftest.c  -L. -L/Users/adayag/.rbenv/versions/1.9.3-p0/lib -L/usr/local/Cellar/postgresql/9.2.4/lib -L. -L'/Users/adayag/.rbenv/versions/1.9.3-p0/lib'  -Wl,-rpath,/usr/local/Cellar/postgresql/9.2.4/lib    -lpq  -lruby-static -lpq  -lpthread -ldl -lobjc "
checked program was:
/* begin */
1: #include "ruby.h"
2: 
3: /*top*/
4: int main() {return 0;}
5: int t() { PQescapeStringConn(); return 0; }
/* end */

--------------------

have_func: checking for PQescapeLiteral()... -------------------- yes

"/usr/local/bin/gcc-4.2 -o conftest -I/Users/adayag/.rbenv/versions/1.9.3-p0/include/ruby-1.9.1/x86_64-darwin12.2.1 -I/Users/adayag/.rbenv/versions/1.9.3-p0/include/ruby-1.9.1/ruby/backward -I/Users/adayag/.rbenv/versions/1.9.3-p0/include/ruby-1.9.1 -I. -I/usr/local/Cellar/postgresql/9.2.4/include -I'/Users/adayag/.rbenv/versions/1.9.3-p0/include'  -D_XOPEN_SOURCE -D_DARWIN_C_SOURCE  -I'/Users/adayag/.rbenv/versions/1.9.3-p0/include'   -O3 -Wno-error=shorten-64-to-32  -pipe conftest.c  -L. -L/Users/adayag/.rbenv/versions/1.9.3-p0/lib -L/usr/local/Cellar/postgresql/9.2.4/lib -L. -L'/Users/adayag/.rbenv/versions/1.9.3-p0/lib'  -Wl,-rpath,/usr/local/Cellar/postgresql/9.2.4/lib    -lpq  -lruby-static -lpq  -lpthread -ldl -lobjc "
conftest.c: In function ‘t’:
conftest.c:5: error: ‘PQescapeLiteral’ undeclared (first use in this function)
conftest.c:5: error: (Each undeclared identifier is reported only once
conftest.c:5: error: for each function it appears in.)
checked program was:
/* begin */
1: #include "ruby.h"
2: 
3: /*top*/
4: int main() {return 0;}
5: int t() { void ((*volatile p)()); p = (void ((*)()))PQescapeLiteral; return 0; }
/* end */

"/usr/local/bin/gcc-4.2 -o conftest -I/Users/adayag/.rbenv/versions/1.9.3-p0/include/ruby-1.9.1/x86_64-darwin12.2.1 -I/Users/adayag/.rbenv/versions/1.9.3-p0/include/ruby-1.9.1/ruby/backward -I/Users/adayag/.rbenv/versions/1.9.3-p0/include/ruby-1.9.1 -I. -I/usr/local/Cellar/postgresql/9.2.4/include -I'/Users/adayag/.rbenv/versions/1.9.3-p0/include'  -D_XOPEN_SOURCE -D_DARWIN_C_SOURCE  -I'/Users/adayag/.rbenv/versions/1.9.3-p0/include'   -O3 -Wno-error=shorten-64-to-32  -pipe conftest.c  -L. -L/Users/adayag/.rbenv/versions/1.9.3-p0/lib -L/usr/local/Cellar/postgresql/9.2.4/lib -L. -L'/Users/adayag/.rbenv/versions/1.9.3-p0/lib'  -Wl,-rpath,/usr/local/Cellar/postgresql/9.2.4/lib    -lpq  -lruby-static -lpq  -lpthread -ldl -lobjc "
checked program was:
/* begin */
1: #include "ruby.h"
2: 
3: /*top*/
4: int main() {return 0;}
5: int t() { PQescapeLiteral(); return 0; }
/* end */

--------------------

have_func: checking for PQescapeIdentifier()... -------------------- yes

"/usr/local/bin/gcc-4.2 -o conftest -I/Users/adayag/.rbenv/versions/1.9.3-p0/include/ruby-1.9.1/x86_64-darwin12.2.1 -I/Users/adayag/.rbenv/versions/1.9.3-p0/include/ruby-1.9.1/ruby/backward -I/Users/adayag/.rbenv/versions/1.9.3-p0/include/ruby-1.9.1 -I. -I/usr/local/Cellar/postgresql/9.2.4/include -I'/Users/adayag/.rbenv/versions/1.9.3-p0/include'  -D_XOPEN_SOURCE -D_DARWIN_C_SOURCE  -I'/Users/adayag/.rbenv/versions/1.9.3-p0/include'   -O3 -Wno-error=shorten-64-to-32  -pipe conftest.c  -L. -L/Users/adayag/.rbenv/versions/1.9.3-p0/lib -L/usr/local/Cellar/postgresql/9.2.4/lib -L. -L'/Users/adayag/.rbenv/versions/1.9.3-p0/lib'  -Wl,-rpath,/usr/local/Cellar/postgresql/9.2.4/lib    -lpq  -lruby-static -lpq  -lpthread -ldl -lobjc "
conftest.c: In function ‘t’:
conftest.c:5: error: ‘PQescapeIdentifier’ undeclared (first use in this function)
conftest.c:5: error: (Each undeclared identifier is reported only once
conftest.c:5: error: for each function it appears in.)
checked program was:
/* begin */
1: #include "ruby.h"
2: 
3: /*top*/
4: int main() {return 0;}
5: int t() { void ((*volatile p)()); p = (void ((*)()))PQescapeIdentifier; return 0; }
/* end */

"/usr/local/bin/gcc-4.2 -o conftest -I/Users/adayag/.rbenv/versions/1.9.3-p0/include/ruby-1.9.1/x86_64-darwin12.2.1 -I/Users/adayag/.rbenv/versions/1.9.3-p0/include/ruby-1.9.1/ruby/backward -I/Users/adayag/.rbenv/versions/1.9.3-p0/include/ruby-1.9.1 -I. -I/usr/local/Cellar/postgresql/9.2.4/include -I'/Users/adayag/.rbenv/versions/1.9.3-p0/include'  -D_XOPEN_SOURCE -D_DARWIN_C_SOURCE  -I'/Users/adayag/.rbenv/versions/1.9.3-p0/include'   -O3 -Wno-error=shorten-64-to-32  -pipe conftest.c  -L. -L/Users/adayag/.rbenv/versions/1.9.3-p0/lib -L/usr/local/Cellar/postgresql/9.2.4/lib -L. -L'/Users/adayag/.rbenv/versions/1.9.3-p0/lib'  -Wl,-rpath,/usr/local/Cellar/postgresql/9.2.4/lib    -lpq  -lruby-static -lpq  -lpthread -ldl -lobjc "
checked program was:
/* begin */
1: #include "ruby.h"
2: 
3: /*top*/
4: int main() {return 0;}
5: int t() { PQescapeIdentifier(); return 0; }
/* end */

--------------------

have_func: checking for PQgetCancel()... -------------------- yes

"/usr/local/bin/gcc-4.2 -o conftest -I/Users/adayag/.rbenv/versions/1.9.3-p0/include/ruby-1.9.1/x86_64-darwin12.2.1 -I/Users/adayag/.rbenv/versions/1.9.3-p0/include/ruby-1.9.1/ruby/backward -I/Users/adayag/.rbenv/versions/1.9.3-p0/include/ruby-1.9.1 -I. -I/usr/local/Cellar/postgresql/9.2.4/include -I'/Users/adayag/.rbenv/versions/1.9.3-p0/include'  -D_XOPEN_SOURCE -D_DARWIN_C_SOURCE  -I'/Users/adayag/.rbenv/versions/1.9.3-p0/include'   -O3 -Wno-error=shorten-64-to-32  -pipe conftest.c  -L. -L/Users/adayag/.rbenv/versions/1.9.3-p0/lib -L/usr/local/Cellar/postgresql/9.2.4/lib -L. -L'/Users/adayag/.rbenv/versions/1.9.3-p0/lib'  -Wl,-rpath,/usr/local/Cellar/postgresql/9.2.4/lib    -lpq  -lruby-static -lpq  -lpthread -ldl -lobjc "
conftest.c: In function ‘t’:
conftest.c:5: error: ‘PQgetCancel’ undeclared (first use in this function)
conftest.c:5: error: (Each undeclared identifier is reported only once
conftest.c:5: error: for each function it appears in.)
checked program was:
/* begin */
1: #include "ruby.h"
2: 
3: /*top*/
4: int main() {return 0;}
5: int t() { void ((*volatile p)()); p = (void ((*)()))PQgetCancel; return 0; }
/* end */

"/usr/local/bin/gcc-4.2 -o conftest -I/Users/adayag/.rbenv/versions/1.9.3-p0/include/ruby-1.9.1/x86_64-darwin12.2.1 -I/Users/adayag/.rbenv/versions/1.9.3-p0/include/ruby-1.9.1/ruby/backward -I/Users/adayag/.rbenv/versions/1.9.3-p0/include/ruby-1.9.1 -I. -I/usr/local/Cellar/postgresql/9.2.4/include -I'/Users/adayag/.rbenv/versions/1.9.3-p0/include'  -D_XOPEN_SOURCE -D_DARWIN_C_SOURCE  -I'/Users/adayag/.rbenv/versions/1.9.3-p0/include'   -O3 -Wno-error=shorten-64-to-32  -pipe conftest.c  -L. -L/Users/adayag/.rbenv/versions/1.9.3-p0/lib -L/usr/local/Cellar/postgresql/9.2.4/lib -L. -L'/Users/adayag/.rbenv/versions/1.9.3-p0/lib'  -Wl,-rpath,/usr/local/Cellar/postgresql/9.2.4/lib    -lpq  -lruby-static -lpq  -lpthread -ldl -lobjc "
checked program was:
/* begin */
1: #include "ruby.h"
2: 
3: /*top*/
4: int main() {return 0;}
5: int t() { PQgetCancel(); return 0; }
/* end */

--------------------

have_func: checking for lo_create()... -------------------- yes

"/usr/local/bin/gcc-4.2 -o conftest -I/Users/adayag/.rbenv/versions/1.9.3-p0/include/ruby-1.9.1/x86_64-darwin12.2.1 -I/Users/adayag/.rbenv/versions/1.9.3-p0/include/ruby-1.9.1/ruby/backward -I/Users/adayag/.rbenv/versions/1.9.3-p0/include/ruby-1.9.1 -I. -I/usr/local/Cellar/postgresql/9.2.4/include -I'/Users/adayag/.rbenv/versions/1.9.3-p0/include'  -D_XOPEN_SOURCE -D_DARWIN_C_SOURCE  -I'/Users/adayag/.rbenv/versions/1.9.3-p0/include'   -O3 -Wno-error=shorten-64-to-32  -pipe conftest.c  -L. -L/Users/adayag/.rbenv/versions/1.9.3-p0/lib -L/usr/local/Cellar/postgresql/9.2.4/lib -L. -L'/Users/adayag/.rbenv/versions/1.9.3-p0/lib'  -Wl,-rpath,/usr/local/Cellar/postgresql/9.2.4/lib    -lpq  -lruby-static -lpq  -lpthread -ldl -lobjc "
conftest.c: In function ‘t’:
conftest.c:5: error: ‘lo_create’ undeclared (first use in this function)
conftest.c:5: error: (Each undeclared identifier is reported only once
conftest.c:5: error: for each function it appears in.)
checked program was:
/* begin */
1: #include "ruby.h"
2: 
3: /*top*/
4: int main() {return 0;}
5: int t() { void ((*volatile p)()); p = (void ((*)()))lo_create; return 0; }
/* end */

"/usr/local/bin/gcc-4.2 -o conftest -I/Users/adayag/.rbenv/versions/1.9.3-p0/include/ruby-1.9.1/x86_64-darwin12.2.1 -I/Users/adayag/.rbenv/versions/1.9.3-p0/include/ruby-1.9.1/ruby/backward -I/Users/adayag/.rbenv/versions/1.9.3-p0/include/ruby-1.9.1 -I. -I/usr/local/Cellar/postgresql/9.2.4/include -I'/Users/adayag/.rbenv/versions/1.9.3-p0/include'  -D_XOPEN_SOURCE -D_DARWIN_C_SOURCE  -I'/Users/adayag/.rbenv/versions/1.9.3-p0/include'   -O3 -Wno-error=shorten-64-to-32  -pipe conftest.c  -L. -L/Users/adayag/.rbenv/versions/1.9.3-p0/lib -L/usr/local/Cellar/postgresql/9.2.4/lib -L. -L'/Users/adayag/.rbenv/versions/1.9.3-p0/lib'  -Wl,-rpath,/usr/local/Cellar/postgresql/9.2.4/lib    -lpq  -lruby-static -lpq  -lpthread -ldl -lobjc "
checked program was:
/* begin */
1: #include "ruby.h"
2: 
3: /*top*/
4: int main() {return 0;}
5: int t() { lo_create(); return 0; }
/* end */

--------------------

have_func: checking for pg_encoding_to_char()... -------------------- yes

"/usr/local/bin/gcc-4.2 -o conftest -I/Users/adayag/.rbenv/versions/1.9.3-p0/include/ruby-1.9.1/x86_64-darwin12.2.1 -I/Users/adayag/.rbenv/versions/1.9.3-p0/include/ruby-1.9.1/ruby/backward -I/Users/adayag/.rbenv/versions/1.9.3-p0/include/ruby-1.9.1 -I. -I/usr/local/Cellar/postgresql/9.2.4/include -I'/Users/adayag/.rbenv/versions/1.9.3-p0/include'  -D_XOPEN_SOURCE -D_DARWIN_C_SOURCE  -I'/Users/adayag/.rbenv/versions/1.9.3-p0/include'   -O3 -Wno-error=shorten-64-to-32  -pipe conftest.c  -L. -L/Users/adayag/.rbenv/versions/1.9.3-p0/lib -L/usr/local/Cellar/postgresql/9.2.4/lib -L. -L'/Users/adayag/.rbenv/versions/1.9.3-p0/lib'  -Wl,-rpath,/usr/local/Cellar/postgresql/9.2.4/lib    -lpq  -lruby-static -lpq  -lpthread -ldl -lobjc "
conftest.c: In function ‘t’:
conftest.c:5: error: ‘pg_encoding_to_char’ undeclared (first use in this function)
conftest.c:5: error: (Each undeclared identifier is reported only once
conftest.c:5: error: for each function it appears in.)
checked program was:
/* begin */
1: #include "ruby.h"
2: 
3: /*top*/
4: int main() {return 0;}
5: int t() { void ((*volatile p)()); p = (void ((*)()))pg_encoding_to_char; return 0; }
/* end */

"/usr/local/bin/gcc-4.2 -o conftest -I/Users/adayag/.rbenv/versions/1.9.3-p0/include/ruby-1.9.1/x86_64-darwin12.2.1 -I/Users/adayag/.rbenv/versions/1.9.3-p0/include/ruby-1.9.1/ruby/backward -I/Users/adayag/.rbenv/versions/1.9.3-p0/include/ruby-1.9.1 -I. -I/usr/local/Cellar/postgresql/9.2.4/include -I'/Users/adayag/.rbenv/versions/1.9.3-p0/include'  -D_XOPEN_SOURCE -D_DARWIN_C_SOURCE  -I'/Users/adayag/.rbenv/versions/1.9.3-p0/include'   -O3 -Wno-error=shorten-64-to-32  -pipe conftest.c  -L. -L/Users/adayag/.rbenv/versions/1.9.3-p0/lib -L/usr/local/Cellar/postgresql/9.2.4/lib -L. -L'/Users/adayag/.rbenv/versions/1.9.3-p0/lib'  -Wl,-rpath,/usr/local/Cellar/postgresql/9.2.4/lib    -lpq  -lruby-static -lpq  -lpthread -ldl -lobjc "
checked program was:
/* begin */
1: #include "ruby.h"
2: 
3: /*top*/
4: int main() {return 0;}
5: int t() { pg_encoding_to_char(); return 0; }
/* end */

--------------------

have_func: checking for pg_char_to_encoding()... -------------------- yes

"/usr/local/bin/gcc-4.2 -o conftest -I/Users/adayag/.rbenv/versions/1.9.3-p0/include/ruby-1.9.1/x86_64-darwin12.2.1 -I/Users/adayag/.rbenv/versions/1.9.3-p0/include/ruby-1.9.1/ruby/backward -I/Users/adayag/.rbenv/versions/1.9.3-p0/include/ruby-1.9.1 -I. -I/usr/local/Cellar/postgresql/9.2.4/include -I'/Users/adayag/.rbenv/versions/1.9.3-p0/include'  -D_XOPEN_SOURCE -D_DARWIN_C_SOURCE  -I'/Users/adayag/.rbenv/versions/1.9.3-p0/include'   -O3 -Wno-error=shorten-64-to-32  -pipe conftest.c  -L. -L/Users/adayag/.rbenv/versions/1.9.3-p0/lib -L/usr/local/Cellar/postgresql/9.2.4/lib -L. -L'/Users/adayag/.rbenv/versions/1.9.3-p0/lib'  -Wl,-rpath,/usr/local/Cellar/postgresql/9.2.4/lib    -lpq  -lruby-static -lpq  -lpthread -ldl -lobjc "
conftest.c: In function ‘t’:
conftest.c:5: error: ‘pg_char_to_encoding’ undeclared (first use in this function)
conftest.c:5: error: (Each undeclared identifier is reported only once
conftest.c:5: error: for each function it appears in.)
checked program was:
/* begin */
1: #include "ruby.h"
2: 
3: /*top*/
4: int main() {return 0;}
5: int t() { void ((*volatile p)()); p = (void ((*)()))pg_char_to_encoding; return 0; }
/* end */

"/usr/local/bin/gcc-4.2 -o conftest -I/Users/adayag/.rbenv/versions/1.9.3-p0/include/ruby-1.9.1/x86_64-darwin12.2.1 -I/Users/adayag/.rbenv/versions/1.9.3-p0/include/ruby-1.9.1/ruby/backward -I/Users/adayag/.rbenv/versions/1.9.3-p0/include/ruby-1.9.1 -I. -I/usr/local/Cellar/postgresql/9.2.4/include -I'/Users/adayag/.rbenv/versions/1.9.3-p0/include'  -D_XOPEN_SOURCE -D_DARWIN_C_SOURCE  -I'/Users/adayag/.rbenv/versions/1.9.3-p0/include'   -O3 -Wno-error=shorten-64-to-32  -pipe conftest.c  -L. -L/Users/adayag/.rbenv/versions/1.9.3-p0/lib -L/usr/local/Cellar/postgresql/9.2.4/lib -L. -L'/Users/adayag/.rbenv/versions/1.9.3-p0/lib'  -Wl,-rpath,/usr/local/Cellar/postgresql/9.2.4/lib    -lpq  -lruby-static -lpq  -lpthread -ldl -lobjc "
checked program was:
/* begin */
1: #include "ruby.h"
2: 
3: /*top*/
4: int main() {return 0;}
5: int t() { pg_char_to_encoding(); return 0; }
/* end */

--------------------

have_func: checking for PQsetClientEncoding()... -------------------- yes

"/usr/local/bin/gcc-4.2 -o conftest -I/Users/adayag/.rbenv/versions/1.9.3-p0/include/ruby-1.9.1/x86_64-darwin12.2.1 -I/Users/adayag/.rbenv/versions/1.9.3-p0/include/ruby-1.9.1/ruby/backward -I/Users/adayag/.rbenv/versions/1.9.3-p0/include/ruby-1.9.1 -I. -I/usr/local/Cellar/postgresql/9.2.4/include -I'/Users/adayag/.rbenv/versions/1.9.3-p0/include'  -D_XOPEN_SOURCE -D_DARWIN_C_SOURCE  -I'/Users/adayag/.rbenv/versions/1.9.3-p0/include'   -O3 -Wno-error=shorten-64-to-32  -pipe conftest.c  -L. -L/Users/adayag/.rbenv/versions/1.9.3-p0/lib -L/usr/local/Cellar/postgresql/9.2.4/lib -L. -L'/Users/adayag/.rbenv/versions/1.9.3-p0/lib'  -Wl,-rpath,/usr/local/Cellar/postgresql/9.2.4/lib    -lpq  -lruby-static -lpq  -lpthread -ldl -lobjc "
conftest.c: In function ‘t’:
conftest.c:5: error: ‘PQsetClientEncoding’ undeclared (first use in this function)
conftest.c:5: error: (Each undeclared identifier is reported only once
conftest.c:5: error: for each function it appears in.)
checked program was:
/* begin */
1: #include "ruby.h"
2: 
3: /*top*/
4: int main() {return 0;}
5: int t() { void ((*volatile p)()); p = (void ((*)()))PQsetClientEncoding; return 0; }
/* end */

"/usr/local/bin/gcc-4.2 -o conftest -I/Users/adayag/.rbenv/versions/1.9.3-p0/include/ruby-1.9.1/x86_64-darwin12.2.1 -I/Users/adayag/.rbenv/versions/1.9.3-p0/include/ruby-1.9.1/ruby/backward -I/Users/adayag/.rbenv/versions/1.9.3-p0/include/ruby-1.9.1 -I. -I/usr/local/Cellar/postgresql/9.2.4/include -I'/Users/adayag/.rbenv/versions/1.9.3-p0/include'  -D_XOPEN_SOURCE -D_DARWIN_C_SOURCE  -I'/Users/adayag/.rbenv/versions/1.9.3-p0/include'   -O3 -Wno-error=shorten-64-to-32  -pipe conftest.c  -L. -L/Users/adayag/.rbenv/versions/1.9.3-p0/lib -L/usr/local/Cellar/postgresql/9.2.4/lib -L. -L'/Users/adayag/.rbenv/versions/1.9.3-p0/lib'  -Wl,-rpath,/usr/local/Cellar/postgresql/9.2.4/lib    -lpq  -lruby-static -lpq  -lpthread -ldl -lobjc "
checked program was:
/* begin */
1: #include "ruby.h"
2: 
3: /*top*/
4: int main() {return 0;}
5: int t() { PQsetClientEncoding(); return 0; }
/* end */

--------------------

have_func: checking for PQlibVersion()... -------------------- yes

"/usr/local/bin/gcc-4.2 -o conftest -I/Users/adayag/.rbenv/versions/1.9.3-p0/include/ruby-1.9.1/x86_64-darwin12.2.1 -I/Users/adayag/.rbenv/versions/1.9.3-p0/include/ruby-1.9.1/ruby/backward -I/Users/adayag/.rbenv/versions/1.9.3-p0/include/ruby-1.9.1 -I. -I/usr/local/Cellar/postgresql/9.2.4/include -I'/Users/adayag/.rbenv/versions/1.9.3-p0/include'  -D_XOPEN_SOURCE -D_DARWIN_C_SOURCE  -I'/Users/adayag/.rbenv/versions/1.9.3-p0/include'   -O3 -Wno-error=shorten-64-to-32  -pipe conftest.c  -L. -L/Users/adayag/.rbenv/versions/1.9.3-p0/lib -L/usr/local/Cellar/postgresql/9.2.4/lib -L. -L'/Users/adayag/.rbenv/versions/1.9.3-p0/lib'  -Wl,-rpath,/usr/local/Cellar/postgresql/9.2.4/lib    -lpq  -lruby-static -lpq  -lpthread -ldl -lobjc "
conftest.c: In function ‘t’:
conftest.c:5: error: ‘PQlibVersion’ undeclared (first use in this function)
conftest.c:5: error: (Each undeclared identifier is reported only once
conftest.c:5: error: for each function it appears in.)
checked program was:
/* begin */
1: #include "ruby.h"
2: 
3: /*top*/
4: int main() {return 0;}
5: int t() { void ((*volatile p)()); p = (void ((*)()))PQlibVersion; return 0; }
/* end */

"/usr/local/bin/gcc-4.2 -o conftest -I/Users/adayag/.rbenv/versions/1.9.3-p0/include/ruby-1.9.1/x86_64-darwin12.2.1 -I/Users/adayag/.rbenv/versions/1.9.3-p0/include/ruby-1.9.1/ruby/backward -I/Users/adayag/.rbenv/versions/1.9.3-p0/include/ruby-1.9.1 -I. -I/usr/local/Cellar/postgresql/9.2.4/include -I'/Users/adayag/.rbenv/versions/1.9.3-p0/include'  -D_XOPEN_SOURCE -D_DARWIN_C_SOURCE  -I'/Users/adayag/.rbenv/versions/1.9.3-p0/include'   -O3 -Wno-error=shorten-64-to-32  -pipe conftest.c  -L. -L/Users/adayag/.rbenv/versions/1.9.3-p0/lib -L/usr/local/Cellar/postgresql/9.2.4/lib -L. -L'/Users/adayag/.rbenv/versions/1.9.3-p0/lib'  -Wl,-rpath,/usr/local/Cellar/postgresql/9.2.4/lib    -lpq  -lruby-static -lpq  -lpthread -ldl -lobjc "
checked program was:
/* begin */
1: #include "ruby.h"
2: 
3: /*top*/
4: int main() {return 0;}
5: int t() { PQlibVersion(); return 0; }
/* end */

--------------------

have_func: checking for PQping()... -------------------- yes

"/usr/local/bin/gcc-4.2 -o conftest -I/Users/adayag/.rbenv/versions/1.9.3-p0/include/ruby-1.9.1/x86_64-darwin12.2.1 -I/Users/adayag/.rbenv/versions/1.9.3-p0/include/ruby-1.9.1/ruby/backward -I/Users/adayag/.rbenv/versions/1.9.3-p0/include/ruby-1.9.1 -I. -I/usr/local/Cellar/postgresql/9.2.4/include -I'/Users/adayag/.rbenv/versions/1.9.3-p0/include'  -D_XOPEN_SOURCE -D_DARWIN_C_SOURCE  -I'/Users/adayag/.rbenv/versions/1.9.3-p0/include'   -O3 -Wno-error=shorten-64-to-32  -pipe conftest.c  -L. -L/Users/adayag/.rbenv/versions/1.9.3-p0/lib -L/usr/local/Cellar/postgresql/9.2.4/lib -L. -L'/Users/adayag/.rbenv/versions/1.9.3-p0/lib'  -Wl,-rpath,/usr/local/Cellar/postgresql/9.2.4/lib    -lpq  -lruby-static -lpq  -lpthread -ldl -lobjc "
conftest.c: In function ‘t’:
conftest.c:5: error: ‘PQping’ undeclared (first use in this function)
conftest.c:5: error: (Each undeclared identifier is reported only once
conftest.c:5: error: for each function it appears in.)
checked program was:
/* begin */
1: #include "ruby.h"
2: 
3: /*top*/
4: int main() {return 0;}
5: int t() { void ((*volatile p)()); p = (void ((*)()))PQping; return 0; }
/* end */

"/usr/local/bin/gcc-4.2 -o conftest -I/Users/adayag/.rbenv/versions/1.9.3-p0/include/ruby-1.9.1/x86_64-darwin12.2.1 -I/Users/adayag/.rbenv/versions/1.9.3-p0/include/ruby-1.9.1/ruby/backward -I/Users/adayag/.rbenv/versions/1.9.3-p0/include/ruby-1.9.1 -I. -I/usr/local/Cellar/postgresql/9.2.4/include -I'/Users/adayag/.rbenv/versions/1.9.3-p0/include'  -D_XOPEN_SOURCE -D_DARWIN_C_SOURCE  -I'/Users/adayag/.rbenv/versions/1.9.3-p0/include'   -O3 -Wno-error=shorten-64-to-32  -pipe conftest.c  -L. -L/Users/adayag/.rbenv/versions/1.9.3-p0/lib -L/usr/local/Cellar/postgresql/9.2.4/lib -L. -L'/Users/adayag/.rbenv/versions/1.9.3-p0/lib'  -Wl,-rpath,/usr/local/Cellar/postgresql/9.2.4/lib    -lpq  -lruby-static -lpq  -lpthread -ldl -lobjc "
checked program was:
/* begin */
1: #include "ruby.h"
2: 
3: /*top*/
4: int main() {return 0;}
5: int t() { PQping(); return 0; }
/* end */

--------------------

have_func: checking for PQsetSingleRowMode()... -------------------- yes

"/usr/local/bin/gcc-4.2 -o conftest -I/Users/adayag/.rbenv/versions/1.9.3-p0/include/ruby-1.9.1/x86_64-darwin12.2.1 -I/Users/adayag/.rbenv/versions/1.9.3-p0/include/ruby-1.9.1/ruby/backward -I/Users/adayag/.rbenv/versions/1.9.3-p0/include/ruby-1.9.1 -I. -I/usr/local/Cellar/postgresql/9.2.4/include -I'/Users/adayag/.rbenv/versions/1.9.3-p0/include'  -D_XOPEN_SOURCE -D_DARWIN_C_SOURCE  -I'/Users/adayag/.rbenv/versions/1.9.3-p0/include'   -O3 -Wno-error=shorten-64-to-32  -pipe conftest.c  -L. -L/Users/adayag/.rbenv/versions/1.9.3-p0/lib -L/usr/local/Cellar/postgresql/9.2.4/lib -L. -L'/Users/adayag/.rbenv/versions/1.9.3-p0/lib'  -Wl,-rpath,/usr/local/Cellar/postgresql/9.2.4/lib    -lpq  -lruby-static -lpq  -lpthread -ldl -lobjc "
conftest.c: In function ‘t’:
conftest.c:5: error: ‘PQsetSingleRowMode’ undeclared (first use in this function)
conftest.c:5: error: (Each undeclared identifier is reported only once
conftest.c:5: error: for each function it appears in.)
checked program was:
/* begin */
1: #include "ruby.h"
2: 
3: /*top*/
4: int main() {return 0;}
5: int t() { void ((*volatile p)()); p = (void ((*)()))PQsetSingleRowMode; return 0; }
/* end */

"/usr/local/bin/gcc-4.2 -o conftest -I/Users/adayag/.rbenv/versions/1.9.3-p0/include/ruby-1.9.1/x86_64-darwin12.2.1 -I/Users/adayag/.rbenv/versions/1.9.3-p0/include/ruby-1.9.1/ruby/backward -I/Users/adayag/.rbenv/versions/1.9.3-p0/include/ruby-1.9.1 -I. -I/usr/local/Cellar/postgresql/9.2.4/include -I'/Users/adayag/.rbenv/versions/1.9.3-p0/include'  -D_XOPEN_SOURCE -D_DARWIN_C_SOURCE  -I'/Users/adayag/.rbenv/versions/1.9.3-p0/include'   -O3 -Wno-error=shorten-64-to-32  -pipe conftest.c  -L. -L/Users/adayag/.rbenv/versions/1.9.3-p0/lib -L/usr/local/Cellar/postgresql/9.2.4/lib -L. -L'/Users/adayag/.rbenv/versions/1.9.3-p0/lib'  -Wl,-rpath,/usr/local/Cellar/postgresql/9.2.4/lib    -lpq  -lruby-static -lpq  -lpthread -ldl -lobjc "
checked program was:
/* begin */
1: #include "ruby.h"
2: 
3: /*top*/
4: int main() {return 0;}
5: int t() { PQsetSingleRowMode(); return 0; }
/* end */

--------------------

have_func: checking for rb_encdb_alias()... -------------------- yes

"/usr/local/bin/gcc-4.2 -o conftest -I/Users/adayag/.rbenv/versions/1.9.3-p0/include/ruby-1.9.1/x86_64-darwin12.2.1 -I/Users/adayag/.rbenv/versions/1.9.3-p0/include/ruby-1.9.1/ruby/backward -I/Users/adayag/.rbenv/versions/1.9.3-p0/include/ruby-1.9.1 -I. -I/usr/local/Cellar/postgresql/9.2.4/include -I'/Users/adayag/.rbenv/versions/1.9.3-p0/include'  -D_XOPEN_SOURCE -D_DARWIN_C_SOURCE  -I'/Users/adayag/.rbenv/versions/1.9.3-p0/include'   -O3 -Wno-error=shorten-64-to-32  -pipe conftest.c  -L. -L/Users/adayag/.rbenv/versions/1.9.3-p0/lib -L/usr/local/Cellar/postgresql/9.2.4/lib -L. -L'/Users/adayag/.rbenv/versions/1.9.3-p0/lib'  -Wl,-rpath,/usr/local/Cellar/postgresql/9.2.4/lib    -lpq  -lruby-static -lpq  -lpthread -ldl -lobjc "
conftest.c: In function ‘t’:
conftest.c:5: error: ‘rb_encdb_alias’ undeclared (first use in this function)
conftest.c:5: error: (Each undeclared identifier is reported only once
conftest.c:5: error: for each function it appears in.)
checked program was:
/* begin */
1: #include "ruby.h"
2: 
3: /*top*/
4: int main() {return 0;}
5: int t() { void ((*volatile p)()); p = (void ((*)()))rb_encdb_alias; return 0; }
/* end */

"/usr/local/bin/gcc-4.2 -o conftest -I/Users/adayag/.rbenv/versions/1.9.3-p0/include/ruby-1.9.1/x86_64-darwin12.2.1 -I/Users/adayag/.rbenv/versions/1.9.3-p0/include/ruby-1.9.1/ruby/backward -I/Users/adayag/.rbenv/versions/1.9.3-p0/include/ruby-1.9.1 -I. -I/usr/local/Cellar/postgresql/9.2.4/include -I'/Users/adayag/.rbenv/versions/1.9.3-p0/include'  -D_XOPEN_SOURCE -D_DARWIN_C_SOURCE  -I'/Users/adayag/.rbenv/versions/1.9.3-p0/include'   -O3 -Wno-error=shorten-64-to-32  -pipe conftest.c  -L. -L/Users/adayag/.rbenv/versions/1.9.3-p0/lib -L/usr/local/Cellar/postgresql/9.2.4/lib -L. -L'/Users/adayag/.rbenv/versions/1.9.3-p0/lib'  -Wl,-rpath,/usr/local/Cellar/postgresql/9.2.4/lib    -lpq  -lruby-static -lpq  -lpthread -ldl -lobjc "
checked program was:
/* begin */
1: #include "ruby.h"
2: 
3: /*top*/
4: int main() {return 0;}
5: int t() { rb_encdb_alias(); return 0; }
/* end */

--------------------

have_func: checking for rb_enc_alias()... -------------------- yes

"/usr/local/bin/gcc-4.2 -o conftest -I/Users/adayag/.rbenv/versions/1.9.3-p0/include/ruby-1.9.1/x86_64-darwin12.2.1 -I/Users/adayag/.rbenv/versions/1.9.3-p0/include/ruby-1.9.1/ruby/backward -I/Users/adayag/.rbenv/versions/1.9.3-p0/include/ruby-1.9.1 -I. -I/usr/local/Cellar/postgresql/9.2.4/include -I'/Users/adayag/.rbenv/versions/1.9.3-p0/include'  -D_XOPEN_SOURCE -D_DARWIN_C_SOURCE  -I'/Users/adayag/.rbenv/versions/1.9.3-p0/include'   -O3 -Wno-error=shorten-64-to-32  -pipe conftest.c  -L. -L/Users/adayag/.rbenv/versions/1.9.3-p0/lib -L/usr/local/Cellar/postgresql/9.2.4/lib -L. -L'/Users/adayag/.rbenv/versions/1.9.3-p0/lib'  -Wl,-rpath,/usr/local/Cellar/postgresql/9.2.4/lib    -lpq  -lruby-static -lpq  -lpthread -ldl -lobjc "
conftest.c: In function ‘t’:
conftest.c:5: error: ‘rb_enc_alias’ undeclared (first use in this function)
conftest.c:5: error: (Each undeclared identifier is reported only once
conftest.c:5: error: for each function it appears in.)
checked program was:
/* begin */
1: #include "ruby.h"
2: 
3: /*top*/
4: int main() {return 0;}
5: int t() { void ((*volatile p)()); p = (void ((*)()))rb_enc_alias; return 0; }
/* end */

"/usr/local/bin/gcc-4.2 -o conftest -I/Users/adayag/.rbenv/versions/1.9.3-p0/include/ruby-1.9.1/x86_64-darwin12.2.1 -I/Users/adayag/.rbenv/versions/1.9.3-p0/include/ruby-1.9.1/ruby/backward -I/Users/adayag/.rbenv/versions/1.9.3-p0/include/ruby-1.9.1 -I. -I/usr/local/Cellar/postgresql/9.2.4/include -I'/Users/adayag/.rbenv/versions/1.9.3-p0/include'  -D_XOPEN_SOURCE -D_DARWIN_C_SOURCE  -I'/Users/adayag/.rbenv/versions/1.9.3-p0/include'   -O3 -Wno-error=shorten-64-to-32  -pipe conftest.c  -L. -L/Users/adayag/.rbenv/versions/1.9.3-p0/lib -L/usr/local/Cellar/postgresql/9.2.4/lib -L. -L'/Users/adayag/.rbenv/versions/1.9.3-p0/lib'  -Wl,-rpath,/usr/local/Cellar/postgresql/9.2.4/lib    -lpq  -lruby-static -lpq  -lpthread -ldl -lobjc "
checked program was:
/* begin */
1: #include "ruby.h"
2: 
3: /*top*/
4: int main() {return 0;}
5: int t() { rb_enc_alias(); return 0; }
/* end */

--------------------

have_func: checking for rb_thread_call_without_gvl()... -------------------- yes

"/usr/local/bin/gcc-4.2 -o conftest -I/Users/adayag/.rbenv/versions/1.9.3-p0/include/ruby-1.9.1/x86_64-darwin12.2.1 -I/Users/adayag/.rbenv/versions/1.9.3-p0/include/ruby-1.9.1/ruby/backward -I/Users/adayag/.rbenv/versions/1.9.3-p0/include/ruby-1.9.1 -I. -I/usr/local/Cellar/postgresql/9.2.4/include -I'/Users/adayag/.rbenv/versions/1.9.3-p0/include'  -D_XOPEN_SOURCE -D_DARWIN_C_SOURCE  -I'/Users/adayag/.rbenv/versions/1.9.3-p0/include'   -O3 -Wno-error=shorten-64-to-32  -pipe conftest.c  -L. -L/Users/adayag/.rbenv/versions/1.9.3-p0/lib -L/usr/local/Cellar/postgresql/9.2.4/lib -L. -L'/Users/adayag/.rbenv/versions/1.9.3-p0/lib'  -Wl,-rpath,/usr/local/Cellar/postgresql/9.2.4/lib    -lpq  -lruby-static -lpq  -lpthread -ldl -lobjc "
conftest.c: In function ‘t’:
conftest.c:5: error: ‘rb_thread_call_without_gvl’ undeclared (first use in this function)
conftest.c:5: error: (Each undeclared identifier is reported only once
conftest.c:5: error: for each function it appears in.)
checked program was:
/* begin */
1: #include "ruby.h"
2: 
3: /*top*/
4: int main() {return 0;}
5: int t() { void ((*volatile p)()); p = (void ((*)()))rb_thread_call_without_gvl; return 0; }
/* end */

"/usr/local/bin/gcc-4.2 -o conftest -I/Users/adayag/.rbenv/versions/1.9.3-p0/include/ruby-1.9.1/x86_64-darwin12.2.1 -I/Users/adayag/.rbenv/versions/1.9.3-p0/include/ruby-1.9.1/ruby/backward -I/Users/adayag/.rbenv/versions/1.9.3-p0/include/ruby-1.9.1 -I. -I/usr/local/Cellar/postgresql/9.2.4/include -I'/Users/adayag/.rbenv/versions/1.9.3-p0/include'  -D_XOPEN_SOURCE -D_DARWIN_C_SOURCE  -I'/Users/adayag/.rbenv/versions/1.9.3-p0/include'   -O3 -Wno-error=shorten-64-to-32  -pipe conftest.c  -L. -L/Users/adayag/.rbenv/versions/1.9.3-p0/lib -L/usr/local/Cellar/postgresql/9.2.4/lib -L. -L'/Users/adayag/.rbenv/versions/1.9.3-p0/lib'  -Wl,-rpath,/usr/local/Cellar/postgresql/9.2.4/lib    -lpq  -lruby-static -lpq  -lpthread -ldl -lobjc "
checked program was:
/* begin */
1: #include "ruby.h"
2: 
3: /*top*/
4: int main() {return 0;}
5: int t() { rb_thread_call_without_gvl(); return 0; }
/* end */

--------------------

have_func: checking for rb_thread_call_with_gvl()... -------------------- yes

"/usr/local/bin/gcc-4.2 -o conftest -I/Users/adayag/.rbenv/versions/1.9.3-p0/include/ruby-1.9.1/x86_64-darwin12.2.1 -I/Users/adayag/.rbenv/versions/1.9.3-p0/include/ruby-1.9.1/ruby/backward -I/Users/adayag/.rbenv/versions/1.9.3-p0/include/ruby-1.9.1 -I. -I/usr/local/Cellar/postgresql/9.2.4/include -I'/Users/adayag/.rbenv/versions/1.9.3-p0/include'  -D_XOPEN_SOURCE -D_DARWIN_C_SOURCE  -I'/Users/adayag/.rbenv/versions/1.9.3-p0/include'   -O3 -Wno-error=shorten-64-to-32  -pipe conftest.c  -L. -L/Users/adayag/.rbenv/versions/1.9.3-p0/lib -L/usr/local/Cellar/postgresql/9.2.4/lib -L. -L'/Users/adayag/.rbenv/versions/1.9.3-p0/lib'  -Wl,-rpath,/usr/local/Cellar/postgresql/9.2.4/lib    -lpq  -lruby-static -lpq  -lpthread -ldl -lobjc "
conftest.c: In function ‘t’:
conftest.c:5: error: ‘rb_thread_call_with_gvl’ undeclared (first use in this function)
conftest.c:5: error: (Each undeclared identifier is reported only once
conftest.c:5: error: for each function it appears in.)
checked program was:
/* begin */
1: #include "ruby.h"
2: 
3: /*top*/
4: int main() {return 0;}
5: int t() { void ((*volatile p)()); p = (void ((*)()))rb_thread_call_with_gvl; return 0; }
/* end */

"/usr/local/bin/gcc-4.2 -o conftest -I/Users/adayag/.rbenv/versions/1.9.3-p0/include/ruby-1.9.1/x86_64-darwin12.2.1 -I/Users/adayag/.rbenv/versions/1.9.3-p0/include/ruby-1.9.1/ruby/backward -I/Users/adayag/.rbenv/versions/1.9.3-p0/include/ruby-1.9.1 -I. -I/usr/local/Cellar/postgresql/9.2.4/include -I'/Users/adayag/.rbenv/versions/1.9.3-p0/include'  -D_XOPEN_SOURCE -D_DARWIN_C_SOURCE  -I'/Users/adayag/.rbenv/versions/1.9.3-p0/include'   -O3 -Wno-error=shorten-64-to-32  -pipe conftest.c  -L. -L/Users/adayag/.rbenv/versions/1.9.3-p0/lib -L/usr/local/Cellar/postgresql/9.2.4/lib -L. -L'/Users/adayag/.rbenv/versions/1.9.3-p0/lib'  -Wl,-rpath,/usr/local/Cellar/postgresql/9.2.4/lib    -lpq  -lruby-static -lpq  -lpthread -ldl -lobjc "
checked program was:
/* begin */
1: #include "ruby.h"
2: 
3: /*top*/
4: int main() {return 0;}
5: int t() { rb_thread_call_with_gvl(); return 0; }
/* end */

--------------------

have_func: checking for rb_thread_fd_select()... -------------------- yes

"/usr/local/bin/gcc-4.2 -o conftest -I/Users/adayag/.rbenv/versions/1.9.3-p0/include/ruby-1.9.1/x86_64-darwin12.2.1 -I/Users/adayag/.rbenv/versions/1.9.3-p0/include/ruby-1.9.1/ruby/backward -I/Users/adayag/.rbenv/versions/1.9.3-p0/include/ruby-1.9.1 -I. -I/usr/local/Cellar/postgresql/9.2.4/include -I'/Users/adayag/.rbenv/versions/1.9.3-p0/include'  -D_XOPEN_SOURCE -D_DARWIN_C_SOURCE  -I'/Users/adayag/.rbenv/versions/1.9.3-p0/include'   -O3 -Wno-error=shorten-64-to-32  -pipe conftest.c  -L. -L/Users/adayag/.rbenv/versions/1.9.3-p0/lib -L/usr/local/Cellar/postgresql/9.2.4/lib -L. -L'/Users/adayag/.rbenv/versions/1.9.3-p0/lib'  -Wl,-rpath,/usr/local/Cellar/postgresql/9.2.4/lib    -lpq  -lruby-static -lpq  -lpthread -ldl -lobjc "
checked program was:
/* begin */
1: #include "ruby.h"
2: 
3: /*top*/
4: int main() {return 0;}
5: int t() { void ((*volatile p)()); p = (void ((*)()))rb_thread_fd_select; return 0; }
/* end */

--------------------

have_func: checking for rb_w32_wrap_io_handle()... -------------------- no

"/usr/local/bin/gcc-4.2 -o conftest -I/Users/adayag/.rbenv/versions/1.9.3-p0/include/ruby-1.9.1/x86_64-darwin12.2.1 -I/Users/adayag/.rbenv/versions/1.9.3-p0/include/ruby-1.9.1/ruby/backward -I/Users/adayag/.rbenv/versions/1.9.3-p0/include/ruby-1.9.1 -I. -I/usr/local/Cellar/postgresql/9.2.4/include -I'/Users/adayag/.rbenv/versions/1.9.3-p0/include'  -D_XOPEN_SOURCE -D_DARWIN_C_SOURCE  -I'/Users/adayag/.rbenv/versions/1.9.3-p0/include'   -O3 -Wno-error=shorten-64-to-32  -pipe conftest.c  -L. -L/Users/adayag/.rbenv/versions/1.9.3-p0/lib -L/usr/local/Cellar/postgresql/9.2.4/lib -L. -L'/Users/adayag/.rbenv/versions/1.9.3-p0/lib'  -Wl,-rpath,/usr/local/Cellar/postgresql/9.2.4/lib    -lpq  -lruby-static -lpq  -lpthread -ldl -lobjc "
conftest.c: In function ‘t’:
conftest.c:5: error: ‘rb_w32_wrap_io_handle’ undeclared (first use in this function)
conftest.c:5: error: (Each undeclared identifier is reported only once
conftest.c:5: error: for each function it appears in.)
checked program was:
/* begin */
1: #include "ruby.h"
2: 
3: /*top*/
4: int main() {return 0;}
5: int t() { void ((*volatile p)()); p = (void ((*)()))rb_w32_wrap_io_handle; return 0; }
/* end */

"/usr/local/bin/gcc-4.2 -o conftest -I/Users/adayag/.rbenv/versions/1.9.3-p0/include/ruby-1.9.1/x86_64-darwin12.2.1 -I/Users/adayag/.rbenv/versions/1.9.3-p0/include/ruby-1.9.1/ruby/backward -I/Users/adayag/.rbenv/versions/1.9.3-p0/include/ruby-1.9.1 -I. -I/usr/local/Cellar/postgresql/9.2.4/include -I'/Users/adayag/.rbenv/versions/1.9.3-p0/include'  -D_XOPEN_SOURCE -D_DARWIN_C_SOURCE  -I'/Users/adayag/.rbenv/versions/1.9.3-p0/include'   -O3 -Wno-error=shorten-64-to-32  -pipe conftest.c  -L. -L/Users/adayag/.rbenv/versions/1.9.3-p0/lib -L/usr/local/Cellar/postgresql/9.2.4/lib -L. -L'/Users/adayag/.rbenv/versions/1.9.3-p0/lib'  -Wl,-rpath,/usr/local/Cellar/postgresql/9.2.4/lib    -lpq  -lruby-static -lpq  -lpthread -ldl -lobjc "
Undefined symbols for architecture x86_64:
  "_rb_w32_wrap_io_handle", referenced from:
      _t in ccQMDmJq.o
ld: symbol(s) not found for architecture x86_64
collect2: ld returned 1 exit status
checked program was:
/* begin */
1: #include "ruby.h"
2: 
3: /*top*/
4: int main() {return 0;}
5: int t() { rb_w32_wrap_io_handle(); return 0; }
/* end */

--------------------

have_const: checking for PGRES_COPY_BOTH in libpq-fe.h... -------------------- yes

"/usr/local/bin/gcc-4.2 -I/Users/adayag/.rbenv/versions/1.9.3-p0/include/ruby-1.9.1/x86_64-darwin12.2.1 -I/Users/adayag/.rbenv/versions/1.9.3-p0/include/ruby-1.9.1/ruby/backward -I/Users/adayag/.rbenv/versions/1.9.3-p0/include/ruby-1.9.1 -I. -I/usr/local/Cellar/postgresql/9.2.4/include -I'/Users/adayag/.rbenv/versions/1.9.3-p0/include'  -D_XOPEN_SOURCE -D_DARWIN_C_SOURCE  -I'/Users/adayag/.rbenv/versions/1.9.3-p0/include'   -O3 -Wno-error=shorten-64-to-32  -pipe   -c conftest.c"
checked program was:
/* begin */
1: #include "ruby.h"
2: 
3: #include <libpq-fe.h>
4: 
5: /*top*/
6: typedef int conftest_type;
7: conftest_type conftestval = (int)PGRES_COPY_BOTH;
/* end */

--------------------

have_const: checking for PGRES_SINGLE_TUPLE in libpq-fe.h... -------------------- yes

"/usr/local/bin/gcc-4.2 -I/Users/adayag/.rbenv/versions/1.9.3-p0/include/ruby-1.9.1/x86_64-darwin12.2.1 -I/Users/adayag/.rbenv/versions/1.9.3-p0/include/ruby-1.9.1/ruby/backward -I/Users/adayag/.rbenv/versions/1.9.3-p0/include/ruby-1.9.1 -I. -I/usr/local/Cellar/postgresql/9.2.4/include -I'/Users/adayag/.rbenv/versions/1.9.3-p0/include'  -D_XOPEN_SOURCE -D_DARWIN_C_SOURCE  -I'/Users/adayag/.rbenv/versions/1.9.3-p0/include'   -O3 -Wno-error=shorten-64-to-32  -pipe   -c conftest.c"
checked program was:
/* begin */
1: #include "ruby.h"
2: 
3: #include <libpq-fe.h>
4: 
5: /*top*/
6: typedef int conftest_type;
7: conftest_type conftestval = (int)PGRES_SINGLE_TUPLE;
/* end */

--------------------

have_const: checking for PG_DIAG_TABLE_NAME in libpq-fe.h... -------------------- no

"/usr/local/bin/gcc-4.2 -I/Users/adayag/.rbenv/versions/1.9.3-p0/include/ruby-1.9.1/x86_64-darwin12.2.1 -I/Users/adayag/.rbenv/versions/1.9.3-p0/include/ruby-1.9.1/ruby/backward -I/Users/adayag/.rbenv/versions/1.9.3-p0/include/ruby-1.9.1 -I. -I/usr/local/Cellar/postgresql/9.2.4/include -I'/Users/adayag/.rbenv/versions/1.9.3-p0/include'  -D_XOPEN_SOURCE -D_DARWIN_C_SOURCE  -I'/Users/adayag/.rbenv/versions/1.9.3-p0/include'   -O3 -Wno-error=shorten-64-to-32  -pipe   -c conftest.c"
conftest.c:7: error: ‘PG_DIAG_TABLE_NAME’ undeclared here (not in a function)
checked program was:
/* begin */
1: #include "ruby.h"
2: 
3: #include <libpq-fe.h>
4: 
5: /*top*/
6: typedef int conftest_type;
7: conftest_type conftestval = (int)PG_DIAG_TABLE_NAME;
/* end */

--------------------

have_struct_member: checking for struct pgNotify.extra in libpq-fe.h... -------------------- yes

"/usr/local/bin/gcc-4.2 -I/Users/adayag/.rbenv/versions/1.9.3-p0/include/ruby-1.9.1/x86_64-darwin12.2.1 -I/Users/adayag/.rbenv/versions/1.9.3-p0/include/ruby-1.9.1/ruby/backward -I/Users/adayag/.rbenv/versions/1.9.3-p0/include/ruby-1.9.1 -I. -I/usr/local/Cellar/postgresql/9.2.4/include -I'/Users/adayag/.rbenv/versions/1.9.3-p0/include'  -D_XOPEN_SOURCE -D_DARWIN_C_SOURCE  -I'/Users/adayag/.rbenv/versions/1.9.3-p0/include'   -O3 -Wno-error=shorten-64-to-32  -pipe   -c conftest.c"
checked program was:
/* begin */
1: #include "ruby.h"
2: 
3: #include <libpq-fe.h>
4: 
5: /*top*/
6: int main() {return 0;}
7: int s = (char *)&((struct pgNotify*)0)->extra - (char *)0;
/* end */

--------------------

have_header: checking for unistd.h... -------------------- yes

"/usr/local/bin/gcc-4.2 -E -I/Users/adayag/.rbenv/versions/1.9.3-p0/include/ruby-1.9.1/x86_64-darwin12.2.1 -I/Users/adayag/.rbenv/versions/1.9.3-p0/include/ruby-1.9.1/ruby/backward -I/Users/adayag/.rbenv/versions/1.9.3-p0/include/ruby-1.9.1 -I. -I/usr/local/Cellar/postgresql/9.2.4/include -I'/Users/adayag/.rbenv/versions/1.9.3-p0/include'  -D_XOPEN_SOURCE -D_DARWIN_C_SOURCE  -I'/Users/adayag/.rbenv/versions/1.9.3-p0/include'   -O3 -Wno-error=shorten-64-to-32  -pipe  conftest.c -o conftest.i"
checked program was:
/* begin */
1: #include "ruby.h"
2: 
3: #include <unistd.h>
/* end */

--------------------

have_header: checking for ruby/st.h... -------------------- yes

"/usr/local/bin/gcc-4.2 -E -I/Users/adayag/.rbenv/versions/1.9.3-p0/include/ruby-1.9.1/x86_64-darwin12.2.1 -I/Users/adayag/.rbenv/versions/1.9.3-p0/include/ruby-1.9.1/ruby/backward -I/Users/adayag/.rbenv/versions/1.9.3-p0/include/ruby-1.9.1 -I. -I/usr/local/Cellar/postgresql/9.2.4/include -I'/Users/adayag/.rbenv/versions/1.9.3-p0/include'  -D_XOPEN_SOURCE -D_DARWIN_C_SOURCE  -I'/Users/adayag/.rbenv/versions/1.9.3-p0/include'   -O3 -Wno-error=shorten-64-to-32  -pipe  conftest.c -o conftest.i"
checked program was:
/* begin */
1: #include "ruby.h"
2: 
3: #include <ruby/st.h>
/* end */

--------------------

